{"numFailedTestSuites":0,"numFailedTests":0,"numPassedTestSuites":7,"numPassedTests":18,"numPendingTestSuites":0,"numPendingTests":0,"numRuntimeErrorTestSuites":0,"numTodoTests":0,"numTotalTestSuites":7,"numTotalTests":18,"openHandles":[],"snapshot":{"added":0,"didUpdate":false,"failure":false,"filesAdded":0,"filesRemoved":0,"filesUnmatched":0,"filesUpdated":0,"matched":0,"total":0,"unchecked":0,"uncheckedKeysByFile":[],"unmatched":0,"updated":0},"startTime":1555838178802,"success":true,"testResults":[{"console":null,"failureMessage":null,"numFailingTests":0,"numPassingTests":3,"numPendingTests":0,"numTodoTests":0,"perfStats":{"end":1555838181415,"start":1555838179979},"snapshot":{"added":0,"fileDeleted":false,"matched":0,"unchecked":0,"unmatched":0,"updated":0,"uncheckedKeys":[]},"testFilePath":"/Users/hunter/Repositories/Elevation/tests/mobx1-lesson-answers/tests/exercises/ex-4.test.js","testResults":[{"ancestorTitles":["exercise 4"],"duration":9,"failureMessages":[],"fullName":"exercise 4 The store should have a deleteItem function that deletes an item from the list","location":null,"numPassingAsserts":0,"status":"passed","title":"The store should have a deleteItem function that deletes an item from the list"},{"ancestorTitles":["exercise 4"],"duration":3,"failureMessages":[],"fullName":"exercise 4 deleteItem function should be a MobX action","location":null,"numPassingAsserts":0,"status":"passed","title":"deleteItem function should be a MobX action"},{"ancestorTitles":["exercise 4"],"duration":73,"failureMessages":[],"fullName":"exercise 4 delete button should be rendered per each list item and work on click","location":null,"numPassingAsserts":0,"status":"passed","title":"delete button should be rendered per each list item and work on click"}],"sourceMaps":{},"skipped":false,"leaks":false},{"console":null,"failureMessage":null,"numFailingTests":0,"numPassingTests":4,"numPendingTests":0,"numTodoTests":0,"perfStats":{"end":1555838181455,"start":1555838179985},"snapshot":{"added":0,"fileDeleted":false,"matched":0,"unchecked":0,"unmatched":0,"updated":0,"uncheckedKeys":[]},"testFilePath":"/Users/hunter/Repositories/Elevation/tests/mobx1-lesson-answers/tests/spot-check-3/ex-1.test.js","testResults":[{"ancestorTitles":["exercise1"],"duration":32,"failureMessages":[],"fullName":"exercise1 Application should render without crashing","location":null,"numPassingAsserts":0,"status":"passed","title":"Application should render without crashing"},{"ancestorTitles":["exercise1"],"duration":10,"failureMessages":[],"fullName":"exercise1 store should have a checkItem function that updates a given items completed property","location":null,"numPassingAsserts":0,"status":"passed","title":"store should have a checkItem function that updates a given items completed property"},{"ancestorTitles":["exercise1"],"duration":2,"failureMessages":[],"fullName":"exercise1 checkItem function should be a MobX action","location":null,"numPassingAsserts":0,"status":"passed","title":"checkItem function should be a MobX action"},{"ancestorTitles":["exercise1"],"duration":50,"failureMessages":[],"fullName":"exercise1 Your input should have an onClick which invokes the checkItem function","location":null,"numPassingAsserts":0,"status":"passed","title":"Your input should have an onClick which invokes the checkItem function"}],"sourceMaps":{},"skipped":false,"leaks":false},{"console":null,"failureMessage":null,"numFailingTests":0,"numPassingTests":1,"numPendingTests":0,"numTodoTests":0,"perfStats":{"end":1555838181696,"start":1555838181440},"snapshot":{"added":0,"fileDeleted":false,"matched":0,"unchecked":0,"unmatched":0,"updated":0,"uncheckedKeys":[]},"testFilePath":"/Users/hunter/Repositories/Elevation/tests/mobx1-lesson-answers/tests/spot-check-1/ex-1.test.js","testResults":[{"ancestorTitles":["exercise1"],"duration":18,"failureMessages":[],"fullName":"exercise1 groceryList class store should have an observable property \"list\"","location":null,"numPassingAsserts":0,"status":"passed","title":"groceryList class store should have an observable property \"list\""}],"sourceMaps":{},"skipped":false,"leaks":false},{"console":null,"failureMessage":null,"numFailingTests":0,"numPassingTests":2,"numPendingTests":0,"numTodoTests":0,"perfStats":{"end":1555838181726,"start":1555838179979},"snapshot":{"added":0,"fileDeleted":false,"matched":0,"unchecked":0,"unmatched":0,"updated":0,"uncheckedKeys":[]},"testFilePath":"/Users/hunter/Repositories/Elevation/tests/mobx1-lesson-answers/tests/spot-check-2/ex-1.test.js","testResults":[{"ancestorTitles":["exercise1"],"duration":29,"failureMessages":[],"fullName":"exercise1 Application should render without crashing","location":null,"numPassingAsserts":0,"status":"passed","title":"Application should render without crashing"},{"ancestorTitles":["exercise1"],"duration":36,"failureMessages":[],"fullName":"exercise1 App is reading the mobx store list property","location":null,"numPassingAsserts":0,"status":"passed","title":"App is reading the mobx store list property"}],"sourceMaps":{},"skipped":false,"leaks":false},{"console":null,"failureMessage":null,"numFailingTests":0,"numPassingTests":3,"numPendingTests":0,"numTodoTests":0,"perfStats":{"end":1555838181794,"start":1555838181487},"snapshot":{"added":0,"fileDeleted":false,"matched":0,"unchecked":0,"unmatched":0,"updated":0,"uncheckedKeys":[]},"testFilePath":"/Users/hunter/Repositories/Elevation/tests/mobx1-lesson-answers/tests/exercises/ex-3.test.js","testResults":[{"ancestorTitles":["exercise 3"],"duration":17,"failureMessages":[],"fullName":"exercise 3 The store should have an editItem function that edits the location of a given item","location":null,"numPassingAsserts":0,"status":"passed","title":"The store should have an editItem function that edits the location of a given item"},{"ancestorTitles":["exercise 3"],"duration":3,"failureMessages":[],"fullName":"exercise 3 editItem function should be a MobX action","location":null,"numPassingAsserts":0,"status":"passed","title":"editItem function should be a MobX action"},{"ancestorTitles":["exercise 3"],"duration":22,"failureMessages":[],"fullName":"exercise 3 The edit button should be rendered per each list item and work on click","location":null,"numPassingAsserts":0,"status":"passed","title":"The edit button should be rendered per each list item and work on click"}],"sourceMaps":{},"skipped":false,"leaks":false},{"console":null,"failureMessage":null,"numFailingTests":0,"numPassingTests":2,"numPendingTests":0,"numTodoTests":0,"perfStats":{"end":1555838181962,"start":1555838181739},"snapshot":{"added":0,"fileDeleted":false,"matched":0,"unchecked":0,"unmatched":0,"updated":0,"uncheckedKeys":[]},"testFilePath":"/Users/hunter/Repositories/Elevation/tests/mobx1-lesson-answers/tests/exercises/ex-1.test.js","testResults":[{"ancestorTitles":["exercise1"],"duration":5,"failureMessages":[],"fullName":"exercise1 store should have an addItem function that adds a new Item to the stores list property","location":null,"numPassingAsserts":0,"status":"passed","title":"store should have an addItem function that adds a new Item to the stores list property"},{"ancestorTitles":["exercise1"],"duration":3,"failureMessages":[],"fullName":"exercise1 addItem function should be a MobX action","location":null,"numPassingAsserts":0,"status":"passed","title":"addItem function should be a MobX action"}],"sourceMaps":{},"skipped":false,"leaks":false},{"console":null,"failureMessage":null,"numFailingTests":0,"numPassingTests":3,"numPendingTests":0,"numTodoTests":0,"perfStats":{"end":1555838181974,"start":1555838181711},"snapshot":{"added":0,"fileDeleted":false,"matched":0,"unchecked":0,"unmatched":0,"updated":0,"uncheckedKeys":[]},"testFilePath":"/Users/hunter/Repositories/Elevation/tests/mobx1-lesson-answers/tests/exercises/ex-2.test.js","testResults":[{"ancestorTitles":["exercise 2"],"duration":8,"failureMessages":[],"fullName":"exercise 2 Each item should have a location property","location":null,"numPassingAsserts":0,"status":"passed","title":"Each item should have a location property"},{"ancestorTitles":["exercise 2"],"duration":1,"failureMessages":[],"fullName":"exercise 2 The location property should have a default value of \"Super Sell\"","location":null,"numPassingAsserts":0,"status":"passed","title":"The location property should have a default value of \"Super Sell\""},{"ancestorTitles":["exercise 2"],"duration":19,"failureMessages":[],"fullName":"exercise 2 the location should be rendered next to each item","location":null,"numPassingAsserts":0,"status":"passed","title":"the location should be rendered next to each item"}],"sourceMaps":{},"skipped":false,"leaks":false}],"wasInterrupted":false}